[2026-01-15T15:20:34.875+0000] {taskinstance.py:1979} INFO - Dependencies all met for dep_context=non-requeueable deps ti=<TaskInstance: ml_process_from_drift_to_ab.calc_drift scheduled__2026-01-14T00:00:00+00:00 [queued]>
[2026-01-15T15:20:34.884+0000] {taskinstance.py:1979} INFO - Dependencies all met for dep_context=requeueable deps ti=<TaskInstance: ml_process_from_drift_to_ab.calc_drift scheduled__2026-01-14T00:00:00+00:00 [queued]>
[2026-01-15T15:20:34.884+0000] {taskinstance.py:2193} INFO - Starting attempt 1 of 1
[2026-01-15T15:20:34.902+0000] {taskinstance.py:2217} INFO - Executing <Task(_PythonDecoratedOperator): calc_drift> on 2026-01-14 00:00:00+00:00
[2026-01-15T15:20:34.914+0000] {standard_task_runner.py:60} INFO - Started process 121 to run task
[2026-01-15T15:20:34.924+0000] {standard_task_runner.py:87} INFO - Running: ['airflow', 'tasks', 'run', 'ml_process_from_drift_to_ab', 'calc_drift', 'scheduled__2026-01-14T00:00:00+00:00', '--job-id', '4', '--raw', '--subdir', 'DAGS_FOLDER/ml_pipeline_dag.py', '--cfg-path', '/tmp/tmpm9s526ss']
[2026-01-15T15:20:35.033+0000] {standard_task_runner.py:88} INFO - Job 4: Subtask calc_drift
[2026-01-15T15:20:35.337+0000] {task_command.py:423} INFO - Running <TaskInstance: ml_process_from_drift_to_ab.calc_drift scheduled__2026-01-14T00:00:00+00:00 [running]> on host 34b64b3cfbbf
[2026-01-15T15:20:35.595+0000] {taskinstance.py:2513} INFO - Exporting env vars: AIRFLOW_CTX_DAG_OWNER='airflow' AIRFLOW_CTX_DAG_ID='ml_process_from_drift_to_ab' AIRFLOW_CTX_TASK_ID='calc_drift' AIRFLOW_CTX_EXECUTION_DATE='2026-01-14T00:00:00+00:00' AIRFLOW_CTX_TRY_NUMBER='1' AIRFLOW_CTX_DAG_RUN_ID='scheduled__2026-01-14T00:00:00+00:00'
[2026-01-15T15:20:35.701+0000] {python.py:202} INFO - Done. Returned value was: {'drift_detected': True, 'drift_score': 4.20098717722581, 'report': {'psi_per_feature': {'sepal_length': 0.15730568194638933, 'sepal_width': 0.18138592907280046, 'petal_length': 4.038388988030636, 'petal_width': 4.20098717722581}, 'psi_max': 4.20098717722581, 'psi_mean': 2.1445169440689087}, 'baseline': '/opt/airflow/data/baseline.csv', 'current': '/opt/airflow/data/current.csv', 'shift': 0.8}
[2026-01-15T15:20:35.722+0000] {taskinstance.py:1149} INFO - Marking task as SUCCESS. dag_id=ml_process_from_drift_to_ab, task_id=calc_drift, execution_date=20260114T000000, start_date=20260115T152034, end_date=20260115T152035
[2026-01-15T15:20:35.778+0000] {local_task_job_runner.py:234} INFO - Task exited with return code 0
[2026-01-15T15:20:35.807+0000] {taskinstance.py:3312} INFO - 1 downstream tasks scheduled from follow-on schedule check
[2026-01-15T15:30:18.827+0000] {taskinstance.py:1979} INFO - Dependencies all met for dep_context=non-requeueable deps ti=<TaskInstance: ml_process_from_drift_to_ab.calc_drift scheduled__2026-01-14T00:00:00+00:00 [queued]>
[2026-01-15T15:30:18.833+0000] {taskinstance.py:1979} INFO - Dependencies all met for dep_context=requeueable deps ti=<TaskInstance: ml_process_from_drift_to_ab.calc_drift scheduled__2026-01-14T00:00:00+00:00 [queued]>
[2026-01-15T15:30:18.833+0000] {taskinstance.py:2193} INFO - Starting attempt 1 of 1
[2026-01-15T15:30:18.856+0000] {taskinstance.py:2217} INFO - Executing <Task(_PythonDecoratedOperator): calc_drift> on 2026-01-14 00:00:00+00:00
[2026-01-15T15:30:18.865+0000] {standard_task_runner.py:60} INFO - Started process 192 to run task
[2026-01-15T15:30:18.873+0000] {standard_task_runner.py:87} INFO - Running: ['airflow', 'tasks', 'run', 'ml_process_from_drift_to_ab', 'calc_drift', 'scheduled__2026-01-14T00:00:00+00:00', '--job-id', '4', '--raw', '--subdir', 'DAGS_FOLDER/ml_pipeline_dag.py', '--cfg-path', '/tmp/tmpjaplc6mg']
[2026-01-15T15:30:18.878+0000] {standard_task_runner.py:88} INFO - Job 4: Subtask calc_drift
[2026-01-15T15:30:19.143+0000] {task_command.py:423} INFO - Running <TaskInstance: ml_process_from_drift_to_ab.calc_drift scheduled__2026-01-14T00:00:00+00:00 [running]> on host 281ad3ab97b0
[2026-01-15T15:30:19.340+0000] {taskinstance.py:2513} INFO - Exporting env vars: AIRFLOW_CTX_DAG_OWNER='airflow' AIRFLOW_CTX_DAG_ID='ml_process_from_drift_to_ab' AIRFLOW_CTX_TASK_ID='calc_drift' AIRFLOW_CTX_EXECUTION_DATE='2026-01-14T00:00:00+00:00' AIRFLOW_CTX_TRY_NUMBER='1' AIRFLOW_CTX_DAG_RUN_ID='scheduled__2026-01-14T00:00:00+00:00'
[2026-01-15T15:30:19.423+0000] {python.py:202} INFO - Done. Returned value was: {'drift_detected': True, 'drift_score': 4.20098717722581, 'report': {'psi_per_feature': {'sepal_length': 0.15730568194638933, 'sepal_width': 0.18138592907280046, 'petal_length': 4.038388988030636, 'petal_width': 4.20098717722581}, 'psi_max': 4.20098717722581, 'psi_mean': 2.1445169440689087}, 'baseline': '/opt/airflow/data/baseline.csv', 'current': '/opt/airflow/data/current.csv', 'shift': 0.8}
[2026-01-15T15:30:19.448+0000] {taskinstance.py:1149} INFO - Marking task as SUCCESS. dag_id=ml_process_from_drift_to_ab, task_id=calc_drift, execution_date=20260114T000000, start_date=20260115T153018, end_date=20260115T153019
[2026-01-15T15:30:19.494+0000] {local_task_job_runner.py:234} INFO - Task exited with return code 0
[2026-01-15T15:30:19.533+0000] {taskinstance.py:3312} INFO - 1 downstream tasks scheduled from follow-on schedule check
[2026-01-15T15:39:06.609+0000] {taskinstance.py:1979} INFO - Dependencies all met for dep_context=non-requeueable deps ti=<TaskInstance: ml_process_from_drift_to_ab.calc_drift scheduled__2026-01-14T00:00:00+00:00 [queued]>
[2026-01-15T15:39:06.616+0000] {taskinstance.py:1979} INFO - Dependencies all met for dep_context=requeueable deps ti=<TaskInstance: ml_process_from_drift_to_ab.calc_drift scheduled__2026-01-14T00:00:00+00:00 [queued]>
[2026-01-15T15:39:06.616+0000] {taskinstance.py:2193} INFO - Starting attempt 1 of 1
[2026-01-15T15:39:06.641+0000] {taskinstance.py:2217} INFO - Executing <Task(_PythonDecoratedOperator): calc_drift> on 2026-01-14 00:00:00+00:00
[2026-01-15T15:39:06.651+0000] {standard_task_runner.py:60} INFO - Started process 181 to run task
[2026-01-15T15:39:06.660+0000] {standard_task_runner.py:87} INFO - Running: ['airflow', 'tasks', 'run', 'ml_process_from_drift_to_ab', 'calc_drift', 'scheduled__2026-01-14T00:00:00+00:00', '--job-id', '4', '--raw', '--subdir', 'DAGS_FOLDER/ml_pipeline_dag.py', '--cfg-path', '/tmp/tmp6z1r3ee2']
[2026-01-15T15:39:06.666+0000] {standard_task_runner.py:88} INFO - Job 4: Subtask calc_drift
[2026-01-15T15:39:06.742+0000] {task_command.py:423} INFO - Running <TaskInstance: ml_process_from_drift_to_ab.calc_drift scheduled__2026-01-14T00:00:00+00:00 [running]> on host 6972b1b1dd6e
[2026-01-15T15:39:06.815+0000] {taskinstance.py:2513} INFO - Exporting env vars: AIRFLOW_CTX_DAG_OWNER='airflow' AIRFLOW_CTX_DAG_ID='ml_process_from_drift_to_ab' AIRFLOW_CTX_TASK_ID='calc_drift' AIRFLOW_CTX_EXECUTION_DATE='2026-01-14T00:00:00+00:00' AIRFLOW_CTX_TRY_NUMBER='1' AIRFLOW_CTX_DAG_RUN_ID='scheduled__2026-01-14T00:00:00+00:00'
[2026-01-15T15:39:06.837+0000] {python.py:202} INFO - Done. Returned value was: {'drift_detected': True, 'drift_score': 4.20098717722581, 'report': {'psi_per_feature': {'sepal_length': 0.15730568194638933, 'sepal_width': 0.18138592907280046, 'petal_length': 4.038388988030636, 'petal_width': 4.20098717722581}, 'psi_max': 4.20098717722581, 'psi_mean': 2.1445169440689087}, 'baseline': '/opt/airflow/data/baseline.csv', 'current': '/opt/airflow/data/current.csv', 'shift': 0.8}
[2026-01-15T15:39:06.852+0000] {taskinstance.py:1149} INFO - Marking task as SUCCESS. dag_id=ml_process_from_drift_to_ab, task_id=calc_drift, execution_date=20260114T000000, start_date=20260115T153906, end_date=20260115T153906
[2026-01-15T15:39:06.914+0000] {local_task_job_runner.py:234} INFO - Task exited with return code 0
[2026-01-15T15:39:06.938+0000] {taskinstance.py:3312} INFO - 1 downstream tasks scheduled from follow-on schedule check
[2026-01-15T15:42:28.139+0000] {taskinstance.py:1979} INFO - Dependencies all met for dep_context=non-requeueable deps ti=<TaskInstance: ml_process_from_drift_to_ab.calc_drift scheduled__2026-01-14T00:00:00+00:00 [queued]>
[2026-01-15T15:42:28.145+0000] {taskinstance.py:1979} INFO - Dependencies all met for dep_context=requeueable deps ti=<TaskInstance: ml_process_from_drift_to_ab.calc_drift scheduled__2026-01-14T00:00:00+00:00 [queued]>
[2026-01-15T15:42:28.146+0000] {taskinstance.py:2193} INFO - Starting attempt 1 of 1
[2026-01-15T15:42:28.159+0000] {taskinstance.py:2217} INFO - Executing <Task(_PythonDecoratedOperator): calc_drift> on 2026-01-14 00:00:00+00:00
[2026-01-15T15:42:28.168+0000] {standard_task_runner.py:60} INFO - Started process 192 to run task
[2026-01-15T15:42:28.173+0000] {standard_task_runner.py:87} INFO - Running: ['airflow', 'tasks', 'run', 'ml_process_from_drift_to_ab', 'calc_drift', 'scheduled__2026-01-14T00:00:00+00:00', '--job-id', '4', '--raw', '--subdir', 'DAGS_FOLDER/ml_pipeline_dag.py', '--cfg-path', '/tmp/tmpoigd3ul5']
[2026-01-15T15:42:28.177+0000] {standard_task_runner.py:88} INFO - Job 4: Subtask calc_drift
[2026-01-15T15:42:28.301+0000] {task_command.py:423} INFO - Running <TaskInstance: ml_process_from_drift_to_ab.calc_drift scheduled__2026-01-14T00:00:00+00:00 [running]> on host d38751901194
[2026-01-15T15:42:28.427+0000] {taskinstance.py:2513} INFO - Exporting env vars: AIRFLOW_CTX_DAG_OWNER='airflow' AIRFLOW_CTX_DAG_ID='ml_process_from_drift_to_ab' AIRFLOW_CTX_TASK_ID='calc_drift' AIRFLOW_CTX_EXECUTION_DATE='2026-01-14T00:00:00+00:00' AIRFLOW_CTX_TRY_NUMBER='1' AIRFLOW_CTX_DAG_RUN_ID='scheduled__2026-01-14T00:00:00+00:00'
[2026-01-15T15:42:28.523+0000] {python.py:202} INFO - Done. Returned value was: {'drift_detected': True, 'drift_score': 4.20098717722581, 'report': {'psi_per_feature': {'sepal_length': 0.15730568194638933, 'sepal_width': 0.18138592907280046, 'petal_length': 4.038388988030636, 'petal_width': 4.20098717722581}, 'psi_max': 4.20098717722581, 'psi_mean': 2.1445169440689087}, 'baseline': '/opt/airflow/data/baseline.csv', 'current': '/opt/airflow/data/current.csv', 'shift': 0.8}
[2026-01-15T15:42:28.544+0000] {taskinstance.py:1149} INFO - Marking task as SUCCESS. dag_id=ml_process_from_drift_to_ab, task_id=calc_drift, execution_date=20260114T000000, start_date=20260115T154228, end_date=20260115T154228
[2026-01-15T15:42:28.587+0000] {local_task_job_runner.py:234} INFO - Task exited with return code 0
[2026-01-15T15:42:28.611+0000] {taskinstance.py:3312} INFO - 1 downstream tasks scheduled from follow-on schedule check
[2026-01-15T15:46:19.856+0000] {taskinstance.py:1979} INFO - Dependencies all met for dep_context=non-requeueable deps ti=<TaskInstance: ml_process_from_drift_to_ab.calc_drift scheduled__2026-01-14T00:00:00+00:00 [queued]>
[2026-01-15T15:46:19.863+0000] {taskinstance.py:1979} INFO - Dependencies all met for dep_context=requeueable deps ti=<TaskInstance: ml_process_from_drift_to_ab.calc_drift scheduled__2026-01-14T00:00:00+00:00 [queued]>
[2026-01-15T15:46:19.864+0000] {taskinstance.py:2193} INFO - Starting attempt 1 of 1
[2026-01-15T15:46:19.877+0000] {taskinstance.py:2217} INFO - Executing <Task(_PythonDecoratedOperator): calc_drift> on 2026-01-14 00:00:00+00:00
[2026-01-15T15:46:19.885+0000] {standard_task_runner.py:60} INFO - Started process 110 to run task
[2026-01-15T15:46:19.890+0000] {standard_task_runner.py:87} INFO - Running: ['airflow', 'tasks', 'run', 'ml_process_from_drift_to_ab', 'calc_drift', 'scheduled__2026-01-14T00:00:00+00:00', '--job-id', '4', '--raw', '--subdir', 'DAGS_FOLDER/ml_pipeline_dag.py', '--cfg-path', '/tmp/tmp9z21eliw']
[2026-01-15T15:46:19.893+0000] {standard_task_runner.py:88} INFO - Job 4: Subtask calc_drift
[2026-01-15T15:46:19.963+0000] {task_command.py:423} INFO - Running <TaskInstance: ml_process_from_drift_to_ab.calc_drift scheduled__2026-01-14T00:00:00+00:00 [running]> on host a01f58bd74ca
[2026-01-15T15:46:20.037+0000] {taskinstance.py:2513} INFO - Exporting env vars: AIRFLOW_CTX_DAG_OWNER='airflow' AIRFLOW_CTX_DAG_ID='ml_process_from_drift_to_ab' AIRFLOW_CTX_TASK_ID='calc_drift' AIRFLOW_CTX_EXECUTION_DATE='2026-01-14T00:00:00+00:00' AIRFLOW_CTX_TRY_NUMBER='1' AIRFLOW_CTX_DAG_RUN_ID='scheduled__2026-01-14T00:00:00+00:00'
[2026-01-15T15:46:20.057+0000] {python.py:202} INFO - Done. Returned value was: {'drift_detected': True, 'drift_score': 4.20098717722581, 'report': {'psi_per_feature': {'sepal_length': 0.15730568194638933, 'sepal_width': 0.18138592907280046, 'petal_length': 4.038388988030636, 'petal_width': 4.20098717722581}, 'psi_max': 4.20098717722581, 'psi_mean': 2.1445169440689087}, 'baseline': '/opt/airflow/data/baseline.csv', 'current': '/opt/airflow/data/current.csv', 'shift': 0.8}
[2026-01-15T15:46:20.071+0000] {taskinstance.py:1149} INFO - Marking task as SUCCESS. dag_id=ml_process_from_drift_to_ab, task_id=calc_drift, execution_date=20260114T000000, start_date=20260115T154619, end_date=20260115T154620
[2026-01-15T15:46:20.103+0000] {local_task_job_runner.py:234} INFO - Task exited with return code 0
[2026-01-15T15:46:20.125+0000] {taskinstance.py:3312} INFO - 1 downstream tasks scheduled from follow-on schedule check
[2026-01-15T15:48:59.323+0000] {taskinstance.py:1979} INFO - Dependencies all met for dep_context=non-requeueable deps ti=<TaskInstance: ml_process_from_drift_to_ab.calc_drift scheduled__2026-01-14T00:00:00+00:00 [queued]>
[2026-01-15T15:48:59.330+0000] {taskinstance.py:1979} INFO - Dependencies all met for dep_context=requeueable deps ti=<TaskInstance: ml_process_from_drift_to_ab.calc_drift scheduled__2026-01-14T00:00:00+00:00 [queued]>
[2026-01-15T15:48:59.330+0000] {taskinstance.py:2193} INFO - Starting attempt 1 of 1
[2026-01-15T15:48:59.343+0000] {taskinstance.py:2217} INFO - Executing <Task(_PythonDecoratedOperator): calc_drift> on 2026-01-14 00:00:00+00:00
[2026-01-15T15:48:59.354+0000] {standard_task_runner.py:60} INFO - Started process 192 to run task
[2026-01-15T15:48:59.359+0000] {standard_task_runner.py:87} INFO - Running: ['airflow', 'tasks', 'run', 'ml_process_from_drift_to_ab', 'calc_drift', 'scheduled__2026-01-14T00:00:00+00:00', '--job-id', '4', '--raw', '--subdir', 'DAGS_FOLDER/ml_pipeline_dag.py', '--cfg-path', '/tmp/tmptwf5a95a']
[2026-01-15T15:48:59.363+0000] {standard_task_runner.py:88} INFO - Job 4: Subtask calc_drift
[2026-01-15T15:48:59.429+0000] {task_command.py:423} INFO - Running <TaskInstance: ml_process_from_drift_to_ab.calc_drift scheduled__2026-01-14T00:00:00+00:00 [running]> on host 2f13b3fdb60d
[2026-01-15T15:48:59.496+0000] {taskinstance.py:2513} INFO - Exporting env vars: AIRFLOW_CTX_DAG_OWNER='airflow' AIRFLOW_CTX_DAG_ID='ml_process_from_drift_to_ab' AIRFLOW_CTX_TASK_ID='calc_drift' AIRFLOW_CTX_EXECUTION_DATE='2026-01-14T00:00:00+00:00' AIRFLOW_CTX_TRY_NUMBER='1' AIRFLOW_CTX_DAG_RUN_ID='scheduled__2026-01-14T00:00:00+00:00'
[2026-01-15T15:48:59.517+0000] {python.py:202} INFO - Done. Returned value was: {'drift_detected': True, 'drift_score': 4.20098717722581, 'report': {'psi_per_feature': {'sepal_length': 0.15730568194638933, 'sepal_width': 0.18138592907280046, 'petal_length': 4.038388988030636, 'petal_width': 4.20098717722581}, 'psi_max': 4.20098717722581, 'psi_mean': 2.1445169440689087}, 'baseline': '/opt/airflow/data/baseline.csv', 'current': '/opt/airflow/data/current.csv', 'shift': 0.8}
[2026-01-15T15:48:59.534+0000] {taskinstance.py:1149} INFO - Marking task as SUCCESS. dag_id=ml_process_from_drift_to_ab, task_id=calc_drift, execution_date=20260114T000000, start_date=20260115T154859, end_date=20260115T154859
[2026-01-15T15:48:59.573+0000] {local_task_job_runner.py:234} INFO - Task exited with return code 0
[2026-01-15T15:48:59.596+0000] {taskinstance.py:3312} INFO - 1 downstream tasks scheduled from follow-on schedule check
[2026-01-15T15:53:19.248+0000] {taskinstance.py:1979} INFO - Dependencies all met for dep_context=non-requeueable deps ti=<TaskInstance: ml_process_from_drift_to_ab.calc_drift scheduled__2026-01-14T00:00:00+00:00 [queued]>
[2026-01-15T15:53:19.257+0000] {taskinstance.py:1979} INFO - Dependencies all met for dep_context=requeueable deps ti=<TaskInstance: ml_process_from_drift_to_ab.calc_drift scheduled__2026-01-14T00:00:00+00:00 [queued]>
[2026-01-15T15:53:19.258+0000] {taskinstance.py:2193} INFO - Starting attempt 1 of 1
[2026-01-15T15:53:19.278+0000] {taskinstance.py:2217} INFO - Executing <Task(_PythonDecoratedOperator): calc_drift> on 2026-01-14 00:00:00+00:00
[2026-01-15T15:53:19.292+0000] {standard_task_runner.py:60} INFO - Started process 111 to run task
[2026-01-15T15:53:19.299+0000] {standard_task_runner.py:87} INFO - Running: ['airflow', 'tasks', 'run', 'ml_process_from_drift_to_ab', 'calc_drift', 'scheduled__2026-01-14T00:00:00+00:00', '--job-id', '4', '--raw', '--subdir', 'DAGS_FOLDER/ml_pipeline_dag.py', '--cfg-path', '/tmp/tmpwpsflcbt']
[2026-01-15T15:53:19.306+0000] {standard_task_runner.py:88} INFO - Job 4: Subtask calc_drift
[2026-01-15T15:53:19.431+0000] {task_command.py:423} INFO - Running <TaskInstance: ml_process_from_drift_to_ab.calc_drift scheduled__2026-01-14T00:00:00+00:00 [running]> on host 3a833b60b219
[2026-01-15T15:53:19.562+0000] {taskinstance.py:2513} INFO - Exporting env vars: AIRFLOW_CTX_DAG_OWNER='airflow' AIRFLOW_CTX_DAG_ID='ml_process_from_drift_to_ab' AIRFLOW_CTX_TASK_ID='calc_drift' AIRFLOW_CTX_EXECUTION_DATE='2026-01-14T00:00:00+00:00' AIRFLOW_CTX_TRY_NUMBER='1' AIRFLOW_CTX_DAG_RUN_ID='scheduled__2026-01-14T00:00:00+00:00'
[2026-01-15T15:53:19.601+0000] {python.py:202} INFO - Done. Returned value was: {'drift_detected': True, 'drift_score': 4.20098717722581, 'report': {'psi_per_feature': {'sepal_length': 0.15730568194638933, 'sepal_width': 0.18138592907280046, 'petal_length': 4.038388988030636, 'petal_width': 4.20098717722581}, 'psi_max': 4.20098717722581, 'psi_mean': 2.1445169440689087}, 'baseline': '/opt/airflow/data/baseline.csv', 'current': '/opt/airflow/data/current.csv', 'shift': 0.8}
[2026-01-15T15:53:19.625+0000] {taskinstance.py:1149} INFO - Marking task as SUCCESS. dag_id=ml_process_from_drift_to_ab, task_id=calc_drift, execution_date=20260114T000000, start_date=20260115T155319, end_date=20260115T155319
[2026-01-15T15:53:19.876+0000] {local_task_job_runner.py:234} INFO - Task exited with return code 0
[2026-01-15T15:53:19.901+0000] {taskinstance.py:3312} INFO - 1 downstream tasks scheduled from follow-on schedule check
[2026-01-15T16:07:59.425+0000] {taskinstance.py:1979} INFO - Dependencies all met for dep_context=non-requeueable deps ti=<TaskInstance: ml_process_from_drift_to_ab.calc_drift scheduled__2026-01-14T00:00:00+00:00 [queued]>
[2026-01-15T16:07:59.441+0000] {taskinstance.py:1979} INFO - Dependencies all met for dep_context=requeueable deps ti=<TaskInstance: ml_process_from_drift_to_ab.calc_drift scheduled__2026-01-14T00:00:00+00:00 [queued]>
[2026-01-15T16:07:59.441+0000] {taskinstance.py:2193} INFO - Starting attempt 1 of 1
[2026-01-15T16:07:59.455+0000] {taskinstance.py:2217} INFO - Executing <Task(_PythonDecoratedOperator): calc_drift> on 2026-01-14 00:00:00+00:00
[2026-01-15T16:07:59.464+0000] {standard_task_runner.py:60} INFO - Started process 570 to run task
[2026-01-15T16:07:59.469+0000] {standard_task_runner.py:87} INFO - Running: ['airflow', 'tasks', 'run', 'ml_process_from_drift_to_ab', 'calc_drift', 'scheduled__2026-01-14T00:00:00+00:00', '--job-id', '4', '--raw', '--subdir', 'DAGS_FOLDER/ml_pipeline_dag.py', '--cfg-path', '/tmp/tmpp3916v3f']
[2026-01-15T16:07:59.473+0000] {standard_task_runner.py:88} INFO - Job 4: Subtask calc_drift
[2026-01-15T16:07:59.632+0000] {task_command.py:423} INFO - Running <TaskInstance: ml_process_from_drift_to_ab.calc_drift scheduled__2026-01-14T00:00:00+00:00 [running]> on host 0a5dcabd7b10
[2026-01-15T16:07:59.716+0000] {taskinstance.py:2513} INFO - Exporting env vars: AIRFLOW_CTX_DAG_OWNER='airflow' AIRFLOW_CTX_DAG_ID='ml_process_from_drift_to_ab' AIRFLOW_CTX_TASK_ID='calc_drift' AIRFLOW_CTX_EXECUTION_DATE='2026-01-14T00:00:00+00:00' AIRFLOW_CTX_TRY_NUMBER='1' AIRFLOW_CTX_DAG_RUN_ID='scheduled__2026-01-14T00:00:00+00:00'
[2026-01-15T16:07:59.752+0000] {python.py:202} INFO - Done. Returned value was: {'drift_detected': True, 'drift_score': 4.20098717722581, 'report': {'psi_per_feature': {'sepal_length': 0.15730568194638933, 'sepal_width': 0.18138592907280046, 'petal_length': 4.038388988030636, 'petal_width': 4.20098717722581}, 'psi_max': 4.20098717722581, 'psi_mean': 2.1445169440689087}, 'baseline': '/opt/airflow/data/baseline.csv', 'current': '/opt/airflow/data/current.csv', 'shift': 0.8}
[2026-01-15T16:07:59.771+0000] {taskinstance.py:1149} INFO - Marking task as SUCCESS. dag_id=ml_process_from_drift_to_ab, task_id=calc_drift, execution_date=20260114T000000, start_date=20260115T160759, end_date=20260115T160759
[2026-01-15T16:07:59.802+0000] {local_task_job_runner.py:234} INFO - Task exited with return code 0
[2026-01-15T16:07:59.825+0000] {taskinstance.py:3312} INFO - 1 downstream tasks scheduled from follow-on schedule check
[2026-01-15T16:47:10.950+0000] {taskinstance.py:1979} INFO - Dependencies all met for dep_context=non-requeueable deps ti=<TaskInstance: ml_process_from_drift_to_ab.calc_drift scheduled__2026-01-14T00:00:00+00:00 [queued]>
[2026-01-15T16:47:10.957+0000] {taskinstance.py:1979} INFO - Dependencies all met for dep_context=requeueable deps ti=<TaskInstance: ml_process_from_drift_to_ab.calc_drift scheduled__2026-01-14T00:00:00+00:00 [queued]>
[2026-01-15T16:47:10.958+0000] {taskinstance.py:2193} INFO - Starting attempt 1 of 1
[2026-01-15T16:47:10.975+0000] {taskinstance.py:2217} INFO - Executing <Task(_PythonDecoratedOperator): calc_drift> on 2026-01-14 00:00:00+00:00
[2026-01-15T16:47:10.987+0000] {standard_task_runner.py:60} INFO - Started process 110 to run task
[2026-01-15T16:47:11.014+0000] {standard_task_runner.py:87} INFO - Running: ['airflow', 'tasks', 'run', 'ml_process_from_drift_to_ab', 'calc_drift', 'scheduled__2026-01-14T00:00:00+00:00', '--job-id', '4', '--raw', '--subdir', 'DAGS_FOLDER/ml_pipeline_dag.py', '--cfg-path', '/tmp/tmp1m5jb3fa']
[2026-01-15T16:47:11.040+0000] {standard_task_runner.py:88} INFO - Job 4: Subtask calc_drift
[2026-01-15T16:47:11.303+0000] {task_command.py:423} INFO - Running <TaskInstance: ml_process_from_drift_to_ab.calc_drift scheduled__2026-01-14T00:00:00+00:00 [running]> on host 9d2f2e43e259
[2026-01-15T16:47:11.469+0000] {taskinstance.py:2513} INFO - Exporting env vars: AIRFLOW_CTX_DAG_OWNER='airflow' AIRFLOW_CTX_DAG_ID='ml_process_from_drift_to_ab' AIRFLOW_CTX_TASK_ID='calc_drift' AIRFLOW_CTX_EXECUTION_DATE='2026-01-14T00:00:00+00:00' AIRFLOW_CTX_TRY_NUMBER='1' AIRFLOW_CTX_DAG_RUN_ID='scheduled__2026-01-14T00:00:00+00:00'
[2026-01-15T16:47:11.512+0000] {python.py:202} INFO - Done. Returned value was: {'drift_detected': True, 'drift_score': 0.6657836894355122, 'report': {'psi_per_feature': {'sepal_length': 0.15730568194638933, 'sepal_width': 0.18138592907280046, 'petal_length': 0.2682708661011944, 'petal_width': 0.6657836894355122}, 'psi_max': 0.6657836894355122, 'psi_mean': 0.3181865416389741}, 'baseline': '/opt/airflow/data/baseline.csv', 'current': '/opt/airflow/data/current.csv', 'shift': 0.05}
[2026-01-15T16:47:11.538+0000] {taskinstance.py:1149} INFO - Marking task as SUCCESS. dag_id=ml_process_from_drift_to_ab, task_id=calc_drift, execution_date=20260114T000000, start_date=20260115T164710, end_date=20260115T164711
[2026-01-15T16:47:11.572+0000] {local_task_job_runner.py:234} INFO - Task exited with return code 0
[2026-01-15T16:47:11.618+0000] {taskinstance.py:3312} INFO - 1 downstream tasks scheduled from follow-on schedule check
[2026-01-15T19:39:33.322+0000] {taskinstance.py:1979} INFO - Dependencies all met for dep_context=non-requeueable deps ti=<TaskInstance: ml_process_from_drift_to_ab.calc_drift scheduled__2026-01-14T00:00:00+00:00 [queued]>
[2026-01-15T19:39:33.379+0000] {taskinstance.py:1979} INFO - Dependencies all met for dep_context=requeueable deps ti=<TaskInstance: ml_process_from_drift_to_ab.calc_drift scheduled__2026-01-14T00:00:00+00:00 [queued]>
[2026-01-15T19:39:33.379+0000] {taskinstance.py:2193} INFO - Starting attempt 1 of 1
[2026-01-15T19:39:33.397+0000] {taskinstance.py:2217} INFO - Executing <Task(_PythonDecoratedOperator): calc_drift> on 2026-01-14 00:00:00+00:00
[2026-01-15T19:39:33.507+0000] {standard_task_runner.py:60} INFO - Started process 99 to run task
[2026-01-15T19:39:34.901+0000] {standard_task_runner.py:87} INFO - Running: ['airflow', 'tasks', 'run', 'ml_process_from_drift_to_ab', 'calc_drift', 'scheduled__2026-01-14T00:00:00+00:00', '--job-id', '4', '--raw', '--subdir', 'DAGS_FOLDER/ml_pipeline_dag.py', '--cfg-path', '/tmp/tmph72ckdt9']
[2026-01-15T19:39:35.928+0000] {standard_task_runner.py:88} INFO - Job 4: Subtask calc_drift
[2026-01-15T19:39:40.551+0000] {task_command.py:423} INFO - Running <TaskInstance: ml_process_from_drift_to_ab.calc_drift scheduled__2026-01-14T00:00:00+00:00 [running]> on host 6c97fd2df566
[2026-01-15T19:39:42.206+0000] {taskinstance.py:2513} INFO - Exporting env vars: AIRFLOW_CTX_DAG_OWNER='airflow' AIRFLOW_CTX_DAG_ID='ml_process_from_drift_to_ab' AIRFLOW_CTX_TASK_ID='calc_drift' AIRFLOW_CTX_EXECUTION_DATE='2026-01-14T00:00:00+00:00' AIRFLOW_CTX_TRY_NUMBER='1' AIRFLOW_CTX_DAG_RUN_ID='scheduled__2026-01-14T00:00:00+00:00'
[2026-01-15T19:39:42.442+0000] {python.py:202} INFO - Done. Returned value was: {'drift_detected': True, 'drift_score': 12.16586932170339, 'report': {'psi_per_feature': {'sepal_length': 0.15730568194638933, 'sepal_width': 0.18138592907280046, 'petal_length': 12.16586932170339, 'petal_width': 10.562221154352445}, 'psi_max': 12.16586932170339, 'psi_mean': 5.7666955217687565}, 'baseline': '/opt/airflow/data/baseline.csv', 'current': '/opt/airflow/data/current.csv', 'shift': 5.0}
[2026-01-15T19:39:42.474+0000] {taskinstance.py:1149} INFO - Marking task as SUCCESS. dag_id=ml_process_from_drift_to_ab, task_id=calc_drift, execution_date=20260114T000000, start_date=20260115T193933, end_date=20260115T193942
[2026-01-15T19:39:42.518+0000] {local_task_job_runner.py:234} INFO - Task exited with return code 0
[2026-01-15T19:39:42.556+0000] {taskinstance.py:3312} INFO - 1 downstream tasks scheduled from follow-on schedule check
