[2026-01-15T15:20:41.833+0000] {taskinstance.py:1979} INFO - Dependencies all met for dep_context=non-requeueable deps ti=<TaskInstance: ml_process_from_drift_to_ab.branch_on_drift scheduled__2026-01-14T00:00:00+00:00 [queued]>
[2026-01-15T15:20:41.839+0000] {taskinstance.py:1979} INFO - Dependencies all met for dep_context=requeueable deps ti=<TaskInstance: ml_process_from_drift_to_ab.branch_on_drift scheduled__2026-01-14T00:00:00+00:00 [queued]>
[2026-01-15T15:20:41.840+0000] {taskinstance.py:2193} INFO - Starting attempt 1 of 1
[2026-01-15T15:20:41.856+0000] {taskinstance.py:2217} INFO - Executing <Task(_BranchPythonDecoratedOperator): branch_on_drift> on 2026-01-14 00:00:00+00:00
[2026-01-15T15:20:42.024+0000] {standard_task_runner.py:87} INFO - Running: ['airflow', 'tasks', 'run', 'ml_process_from_drift_to_ab', 'branch_on_drift', 'scheduled__2026-01-14T00:00:00+00:00', '--job-id', '5', '--raw', '--subdir', 'DAGS_FOLDER/ml_pipeline_dag.py', '--cfg-path', '/tmp/tmpy4cujvow']
[2026-01-15T15:20:42.038+0000] {standard_task_runner.py:88} INFO - Job 5: Subtask branch_on_drift
[2026-01-15T15:20:41.991+0000] {standard_task_runner.py:60} INFO - Started process 153 to run task
[2026-01-15T15:20:42.441+0000] {task_command.py:423} INFO - Running <TaskInstance: ml_process_from_drift_to_ab.branch_on_drift scheduled__2026-01-14T00:00:00+00:00 [running]> on host 34b64b3cfbbf
[2026-01-15T15:20:42.633+0000] {taskinstance.py:2513} INFO - Exporting env vars: AIRFLOW_CTX_DAG_OWNER='airflow' AIRFLOW_CTX_DAG_ID='ml_process_from_drift_to_ab' AIRFLOW_CTX_TASK_ID='branch_on_drift' AIRFLOW_CTX_EXECUTION_DATE='2026-01-14T00:00:00+00:00' AIRFLOW_CTX_TRY_NUMBER='1' AIRFLOW_CTX_DAG_RUN_ID='scheduled__2026-01-14T00:00:00+00:00'
[2026-01-15T15:20:42.637+0000] {python.py:202} INFO - Done. Returned value was: retrain_and_register
[2026-01-15T15:20:42.638+0000] {branch.py:35} INFO - Branch into retrain_and_register
[2026-01-15T15:20:42.639+0000] {skipmixin.py:178} INFO - Following branch retrain_and_register
[2026-01-15T15:20:42.649+0000] {skipmixin.py:244} INFO - Skipping tasks [('no_retrain', -1)]
[2026-01-15T15:20:42.690+0000] {taskinstance.py:1149} INFO - Marking task as SUCCESS. dag_id=ml_process_from_drift_to_ab, task_id=branch_on_drift, execution_date=20260114T000000, start_date=20260115T152041, end_date=20260115T152042
[2026-01-15T15:20:42.743+0000] {local_task_job_runner.py:234} INFO - Task exited with return code 0
[2026-01-15T15:20:42.771+0000] {taskinstance.py:3312} INFO - 1 downstream tasks scheduled from follow-on schedule check
[2026-01-15T15:30:25.270+0000] {taskinstance.py:1979} INFO - Dependencies all met for dep_context=non-requeueable deps ti=<TaskInstance: ml_process_from_drift_to_ab.branch_on_drift scheduled__2026-01-14T00:00:00+00:00 [queued]>
[2026-01-15T15:30:25.276+0000] {taskinstance.py:1979} INFO - Dependencies all met for dep_context=requeueable deps ti=<TaskInstance: ml_process_from_drift_to_ab.branch_on_drift scheduled__2026-01-14T00:00:00+00:00 [queued]>
[2026-01-15T15:30:25.276+0000] {taskinstance.py:2193} INFO - Starting attempt 1 of 1
[2026-01-15T15:30:25.290+0000] {taskinstance.py:2217} INFO - Executing <Task(_BranchPythonDecoratedOperator): branch_on_drift> on 2026-01-14 00:00:00+00:00
[2026-01-15T15:30:25.300+0000] {standard_task_runner.py:60} INFO - Started process 213 to run task
[2026-01-15T15:30:25.306+0000] {standard_task_runner.py:87} INFO - Running: ['airflow', 'tasks', 'run', 'ml_process_from_drift_to_ab', 'branch_on_drift', 'scheduled__2026-01-14T00:00:00+00:00', '--job-id', '5', '--raw', '--subdir', 'DAGS_FOLDER/ml_pipeline_dag.py', '--cfg-path', '/tmp/tmpl1dvflt4']
[2026-01-15T15:30:25.309+0000] {standard_task_runner.py:88} INFO - Job 5: Subtask branch_on_drift
[2026-01-15T15:30:25.407+0000] {task_command.py:423} INFO - Running <TaskInstance: ml_process_from_drift_to_ab.branch_on_drift scheduled__2026-01-14T00:00:00+00:00 [running]> on host 281ad3ab97b0
[2026-01-15T15:30:25.523+0000] {taskinstance.py:2513} INFO - Exporting env vars: AIRFLOW_CTX_DAG_OWNER='airflow' AIRFLOW_CTX_DAG_ID='ml_process_from_drift_to_ab' AIRFLOW_CTX_TASK_ID='branch_on_drift' AIRFLOW_CTX_EXECUTION_DATE='2026-01-14T00:00:00+00:00' AIRFLOW_CTX_TRY_NUMBER='1' AIRFLOW_CTX_DAG_RUN_ID='scheduled__2026-01-14T00:00:00+00:00'
[2026-01-15T15:30:25.528+0000] {python.py:202} INFO - Done. Returned value was: retrain_and_register
[2026-01-15T15:30:25.528+0000] {branch.py:35} INFO - Branch into retrain_and_register
[2026-01-15T15:30:25.529+0000] {skipmixin.py:178} INFO - Following branch retrain_and_register
[2026-01-15T15:30:25.545+0000] {skipmixin.py:244} INFO - Skipping tasks [('no_retrain', -1)]
[2026-01-15T15:30:25.639+0000] {taskinstance.py:1149} INFO - Marking task as SUCCESS. dag_id=ml_process_from_drift_to_ab, task_id=branch_on_drift, execution_date=20260114T000000, start_date=20260115T153025, end_date=20260115T153025
[2026-01-15T15:30:25.680+0000] {local_task_job_runner.py:234} INFO - Task exited with return code 0
[2026-01-15T15:30:25.702+0000] {taskinstance.py:3312} INFO - 1 downstream tasks scheduled from follow-on schedule check
[2026-01-15T15:39:12.538+0000] {taskinstance.py:1979} INFO - Dependencies all met for dep_context=non-requeueable deps ti=<TaskInstance: ml_process_from_drift_to_ab.branch_on_drift scheduled__2026-01-14T00:00:00+00:00 [queued]>
[2026-01-15T15:39:12.545+0000] {taskinstance.py:1979} INFO - Dependencies all met for dep_context=requeueable deps ti=<TaskInstance: ml_process_from_drift_to_ab.branch_on_drift scheduled__2026-01-14T00:00:00+00:00 [queued]>
[2026-01-15T15:39:12.545+0000] {taskinstance.py:2193} INFO - Starting attempt 1 of 1
[2026-01-15T15:39:12.558+0000] {taskinstance.py:2217} INFO - Executing <Task(_BranchPythonDecoratedOperator): branch_on_drift> on 2026-01-14 00:00:00+00:00
[2026-01-15T15:39:12.567+0000] {standard_task_runner.py:60} INFO - Started process 213 to run task
[2026-01-15T15:39:12.573+0000] {standard_task_runner.py:87} INFO - Running: ['airflow', 'tasks', 'run', 'ml_process_from_drift_to_ab', 'branch_on_drift', 'scheduled__2026-01-14T00:00:00+00:00', '--job-id', '5', '--raw', '--subdir', 'DAGS_FOLDER/ml_pipeline_dag.py', '--cfg-path', '/tmp/tmpgmtn4f4s']
[2026-01-15T15:39:12.576+0000] {standard_task_runner.py:88} INFO - Job 5: Subtask branch_on_drift
[2026-01-15T15:39:12.642+0000] {task_command.py:423} INFO - Running <TaskInstance: ml_process_from_drift_to_ab.branch_on_drift scheduled__2026-01-14T00:00:00+00:00 [running]> on host 6972b1b1dd6e
[2026-01-15T15:39:12.713+0000] {taskinstance.py:2513} INFO - Exporting env vars: AIRFLOW_CTX_DAG_OWNER='airflow' AIRFLOW_CTX_DAG_ID='ml_process_from_drift_to_ab' AIRFLOW_CTX_TASK_ID='branch_on_drift' AIRFLOW_CTX_EXECUTION_DATE='2026-01-14T00:00:00+00:00' AIRFLOW_CTX_TRY_NUMBER='1' AIRFLOW_CTX_DAG_RUN_ID='scheduled__2026-01-14T00:00:00+00:00'
[2026-01-15T15:39:12.715+0000] {python.py:202} INFO - Done. Returned value was: retrain_and_register
[2026-01-15T15:39:12.716+0000] {branch.py:35} INFO - Branch into retrain_and_register
[2026-01-15T15:39:12.716+0000] {skipmixin.py:178} INFO - Following branch retrain_and_register
[2026-01-15T15:39:12.725+0000] {skipmixin.py:244} INFO - Skipping tasks [('no_retrain', -1)]
[2026-01-15T15:39:12.758+0000] {taskinstance.py:1149} INFO - Marking task as SUCCESS. dag_id=ml_process_from_drift_to_ab, task_id=branch_on_drift, execution_date=20260114T000000, start_date=20260115T153912, end_date=20260115T153912
[2026-01-15T15:39:12.785+0000] {local_task_job_runner.py:234} INFO - Task exited with return code 0
[2026-01-15T15:39:12.807+0000] {taskinstance.py:3312} INFO - 1 downstream tasks scheduled from follow-on schedule check
[2026-01-15T15:42:33.978+0000] {taskinstance.py:1979} INFO - Dependencies all met for dep_context=non-requeueable deps ti=<TaskInstance: ml_process_from_drift_to_ab.branch_on_drift scheduled__2026-01-14T00:00:00+00:00 [queued]>
[2026-01-15T15:42:33.984+0000] {taskinstance.py:1979} INFO - Dependencies all met for dep_context=requeueable deps ti=<TaskInstance: ml_process_from_drift_to_ab.branch_on_drift scheduled__2026-01-14T00:00:00+00:00 [queued]>
[2026-01-15T15:42:33.985+0000] {taskinstance.py:2193} INFO - Starting attempt 1 of 1
[2026-01-15T15:42:34.000+0000] {taskinstance.py:2217} INFO - Executing <Task(_BranchPythonDecoratedOperator): branch_on_drift> on 2026-01-14 00:00:00+00:00
[2026-01-15T15:42:34.009+0000] {standard_task_runner.py:60} INFO - Started process 213 to run task
[2026-01-15T15:42:34.015+0000] {standard_task_runner.py:87} INFO - Running: ['airflow', 'tasks', 'run', 'ml_process_from_drift_to_ab', 'branch_on_drift', 'scheduled__2026-01-14T00:00:00+00:00', '--job-id', '5', '--raw', '--subdir', 'DAGS_FOLDER/ml_pipeline_dag.py', '--cfg-path', '/tmp/tmpu1ffgjmz']
[2026-01-15T15:42:34.018+0000] {standard_task_runner.py:88} INFO - Job 5: Subtask branch_on_drift
[2026-01-15T15:42:34.086+0000] {task_command.py:423} INFO - Running <TaskInstance: ml_process_from_drift_to_ab.branch_on_drift scheduled__2026-01-14T00:00:00+00:00 [running]> on host d38751901194
[2026-01-15T15:42:34.150+0000] {taskinstance.py:2513} INFO - Exporting env vars: AIRFLOW_CTX_DAG_OWNER='airflow' AIRFLOW_CTX_DAG_ID='ml_process_from_drift_to_ab' AIRFLOW_CTX_TASK_ID='branch_on_drift' AIRFLOW_CTX_EXECUTION_DATE='2026-01-14T00:00:00+00:00' AIRFLOW_CTX_TRY_NUMBER='1' AIRFLOW_CTX_DAG_RUN_ID='scheduled__2026-01-14T00:00:00+00:00'
[2026-01-15T15:42:34.152+0000] {python.py:202} INFO - Done. Returned value was: retrain_and_register
[2026-01-15T15:42:34.152+0000] {branch.py:35} INFO - Branch into retrain_and_register
[2026-01-15T15:42:34.153+0000] {skipmixin.py:178} INFO - Following branch retrain_and_register
[2026-01-15T15:42:34.160+0000] {skipmixin.py:244} INFO - Skipping tasks [('no_retrain', -1)]
[2026-01-15T15:42:34.189+0000] {taskinstance.py:1149} INFO - Marking task as SUCCESS. dag_id=ml_process_from_drift_to_ab, task_id=branch_on_drift, execution_date=20260114T000000, start_date=20260115T154233, end_date=20260115T154234
[2026-01-15T15:42:34.227+0000] {local_task_job_runner.py:234} INFO - Task exited with return code 0
[2026-01-15T15:42:34.248+0000] {taskinstance.py:3312} INFO - 1 downstream tasks scheduled from follow-on schedule check
[2026-01-15T15:46:25.847+0000] {taskinstance.py:1979} INFO - Dependencies all met for dep_context=non-requeueable deps ti=<TaskInstance: ml_process_from_drift_to_ab.branch_on_drift scheduled__2026-01-14T00:00:00+00:00 [queued]>
[2026-01-15T15:46:25.854+0000] {taskinstance.py:1979} INFO - Dependencies all met for dep_context=requeueable deps ti=<TaskInstance: ml_process_from_drift_to_ab.branch_on_drift scheduled__2026-01-14T00:00:00+00:00 [queued]>
[2026-01-15T15:46:25.855+0000] {taskinstance.py:2193} INFO - Starting attempt 1 of 1
[2026-01-15T15:46:25.871+0000] {taskinstance.py:2217} INFO - Executing <Task(_BranchPythonDecoratedOperator): branch_on_drift> on 2026-01-14 00:00:00+00:00
[2026-01-15T15:46:25.886+0000] {standard_task_runner.py:60} INFO - Started process 131 to run task
[2026-01-15T15:46:25.892+0000] {standard_task_runner.py:87} INFO - Running: ['airflow', 'tasks', 'run', 'ml_process_from_drift_to_ab', 'branch_on_drift', 'scheduled__2026-01-14T00:00:00+00:00', '--job-id', '5', '--raw', '--subdir', 'DAGS_FOLDER/ml_pipeline_dag.py', '--cfg-path', '/tmp/tmpo9cc63ex']
[2026-01-15T15:46:25.897+0000] {standard_task_runner.py:88} INFO - Job 5: Subtask branch_on_drift
[2026-01-15T15:46:25.967+0000] {task_command.py:423} INFO - Running <TaskInstance: ml_process_from_drift_to_ab.branch_on_drift scheduled__2026-01-14T00:00:00+00:00 [running]> on host a01f58bd74ca
[2026-01-15T15:46:26.031+0000] {taskinstance.py:2513} INFO - Exporting env vars: AIRFLOW_CTX_DAG_OWNER='airflow' AIRFLOW_CTX_DAG_ID='ml_process_from_drift_to_ab' AIRFLOW_CTX_TASK_ID='branch_on_drift' AIRFLOW_CTX_EXECUTION_DATE='2026-01-14T00:00:00+00:00' AIRFLOW_CTX_TRY_NUMBER='1' AIRFLOW_CTX_DAG_RUN_ID='scheduled__2026-01-14T00:00:00+00:00'
[2026-01-15T15:46:26.033+0000] {python.py:202} INFO - Done. Returned value was: retrain_and_register
[2026-01-15T15:46:26.033+0000] {branch.py:35} INFO - Branch into retrain_and_register
[2026-01-15T15:46:26.033+0000] {skipmixin.py:178} INFO - Following branch retrain_and_register
[2026-01-15T15:46:26.041+0000] {skipmixin.py:244} INFO - Skipping tasks [('no_retrain', -1)]
[2026-01-15T15:46:26.071+0000] {taskinstance.py:1149} INFO - Marking task as SUCCESS. dag_id=ml_process_from_drift_to_ab, task_id=branch_on_drift, execution_date=20260114T000000, start_date=20260115T154625, end_date=20260115T154626
[2026-01-15T15:46:26.106+0000] {local_task_job_runner.py:234} INFO - Task exited with return code 0
[2026-01-15T15:46:26.129+0000] {taskinstance.py:3312} INFO - 1 downstream tasks scheduled from follow-on schedule check
[2026-01-15T15:49:05.390+0000] {taskinstance.py:1979} INFO - Dependencies all met for dep_context=non-requeueable deps ti=<TaskInstance: ml_process_from_drift_to_ab.branch_on_drift scheduled__2026-01-14T00:00:00+00:00 [queued]>
[2026-01-15T15:49:05.396+0000] {taskinstance.py:1979} INFO - Dependencies all met for dep_context=requeueable deps ti=<TaskInstance: ml_process_from_drift_to_ab.branch_on_drift scheduled__2026-01-14T00:00:00+00:00 [queued]>
[2026-01-15T15:49:05.397+0000] {taskinstance.py:2193} INFO - Starting attempt 1 of 1
[2026-01-15T15:49:05.411+0000] {taskinstance.py:2217} INFO - Executing <Task(_BranchPythonDecoratedOperator): branch_on_drift> on 2026-01-14 00:00:00+00:00
[2026-01-15T15:49:05.420+0000] {standard_task_runner.py:60} INFO - Started process 213 to run task
[2026-01-15T15:49:05.426+0000] {standard_task_runner.py:87} INFO - Running: ['airflow', 'tasks', 'run', 'ml_process_from_drift_to_ab', 'branch_on_drift', 'scheduled__2026-01-14T00:00:00+00:00', '--job-id', '5', '--raw', '--subdir', 'DAGS_FOLDER/ml_pipeline_dag.py', '--cfg-path', '/tmp/tmpuo32h7a9']
[2026-01-15T15:49:05.431+0000] {standard_task_runner.py:88} INFO - Job 5: Subtask branch_on_drift
[2026-01-15T15:49:05.495+0000] {task_command.py:423} INFO - Running <TaskInstance: ml_process_from_drift_to_ab.branch_on_drift scheduled__2026-01-14T00:00:00+00:00 [running]> on host 2f13b3fdb60d
[2026-01-15T15:49:05.562+0000] {taskinstance.py:2513} INFO - Exporting env vars: AIRFLOW_CTX_DAG_OWNER='airflow' AIRFLOW_CTX_DAG_ID='ml_process_from_drift_to_ab' AIRFLOW_CTX_TASK_ID='branch_on_drift' AIRFLOW_CTX_EXECUTION_DATE='2026-01-14T00:00:00+00:00' AIRFLOW_CTX_TRY_NUMBER='1' AIRFLOW_CTX_DAG_RUN_ID='scheduled__2026-01-14T00:00:00+00:00'
[2026-01-15T15:49:05.564+0000] {python.py:202} INFO - Done. Returned value was: retrain_and_register
[2026-01-15T15:49:05.565+0000] {branch.py:35} INFO - Branch into retrain_and_register
[2026-01-15T15:49:05.566+0000] {skipmixin.py:178} INFO - Following branch retrain_and_register
[2026-01-15T15:49:05.575+0000] {skipmixin.py:244} INFO - Skipping tasks [('no_retrain', -1)]
[2026-01-15T15:49:05.605+0000] {taskinstance.py:1149} INFO - Marking task as SUCCESS. dag_id=ml_process_from_drift_to_ab, task_id=branch_on_drift, execution_date=20260114T000000, start_date=20260115T154905, end_date=20260115T154905
[2026-01-15T15:49:05.642+0000] {local_task_job_runner.py:234} INFO - Task exited with return code 0
[2026-01-15T15:49:05.662+0000] {taskinstance.py:3312} INFO - 1 downstream tasks scheduled from follow-on schedule check
[2026-01-15T15:53:26.762+0000] {taskinstance.py:1979} INFO - Dependencies all met for dep_context=non-requeueable deps ti=<TaskInstance: ml_process_from_drift_to_ab.branch_on_drift scheduled__2026-01-14T00:00:00+00:00 [queued]>
[2026-01-15T15:53:26.767+0000] {taskinstance.py:1979} INFO - Dependencies all met for dep_context=requeueable deps ti=<TaskInstance: ml_process_from_drift_to_ab.branch_on_drift scheduled__2026-01-14T00:00:00+00:00 [queued]>
[2026-01-15T15:53:26.768+0000] {taskinstance.py:2193} INFO - Starting attempt 1 of 1
[2026-01-15T15:53:26.779+0000] {taskinstance.py:2217} INFO - Executing <Task(_BranchPythonDecoratedOperator): branch_on_drift> on 2026-01-14 00:00:00+00:00
[2026-01-15T15:53:26.798+0000] {standard_task_runner.py:60} INFO - Started process 132 to run task
[2026-01-15T15:53:26.805+0000] {standard_task_runner.py:87} INFO - Running: ['airflow', 'tasks', 'run', 'ml_process_from_drift_to_ab', 'branch_on_drift', 'scheduled__2026-01-14T00:00:00+00:00', '--job-id', '5', '--raw', '--subdir', 'DAGS_FOLDER/ml_pipeline_dag.py', '--cfg-path', '/tmp/tmpxgrv38kp']
[2026-01-15T15:53:26.809+0000] {standard_task_runner.py:88} INFO - Job 5: Subtask branch_on_drift
[2026-01-15T15:53:27.009+0000] {task_command.py:423} INFO - Running <TaskInstance: ml_process_from_drift_to_ab.branch_on_drift scheduled__2026-01-14T00:00:00+00:00 [running]> on host 3a833b60b219
[2026-01-15T15:53:27.096+0000] {taskinstance.py:2513} INFO - Exporting env vars: AIRFLOW_CTX_DAG_OWNER='airflow' AIRFLOW_CTX_DAG_ID='ml_process_from_drift_to_ab' AIRFLOW_CTX_TASK_ID='branch_on_drift' AIRFLOW_CTX_EXECUTION_DATE='2026-01-14T00:00:00+00:00' AIRFLOW_CTX_TRY_NUMBER='1' AIRFLOW_CTX_DAG_RUN_ID='scheduled__2026-01-14T00:00:00+00:00'
[2026-01-15T15:53:27.098+0000] {python.py:202} INFO - Done. Returned value was: retrain_and_register
[2026-01-15T15:53:27.098+0000] {branch.py:35} INFO - Branch into retrain_and_register
[2026-01-15T15:53:27.099+0000] {skipmixin.py:178} INFO - Following branch retrain_and_register
[2026-01-15T15:53:27.107+0000] {skipmixin.py:244} INFO - Skipping tasks [('no_retrain', -1)]
[2026-01-15T15:53:27.155+0000] {taskinstance.py:1149} INFO - Marking task as SUCCESS. dag_id=ml_process_from_drift_to_ab, task_id=branch_on_drift, execution_date=20260114T000000, start_date=20260115T155326, end_date=20260115T155327
[2026-01-15T15:53:27.179+0000] {local_task_job_runner.py:234} INFO - Task exited with return code 0
[2026-01-15T15:53:27.208+0000] {taskinstance.py:3312} INFO - 1 downstream tasks scheduled from follow-on schedule check
[2026-01-15T16:08:06.573+0000] {taskinstance.py:1979} INFO - Dependencies all met for dep_context=non-requeueable deps ti=<TaskInstance: ml_process_from_drift_to_ab.branch_on_drift scheduled__2026-01-14T00:00:00+00:00 [queued]>
[2026-01-15T16:08:06.635+0000] {taskinstance.py:1979} INFO - Dependencies all met for dep_context=requeueable deps ti=<TaskInstance: ml_process_from_drift_to_ab.branch_on_drift scheduled__2026-01-14T00:00:00+00:00 [queued]>
[2026-01-15T16:08:06.636+0000] {taskinstance.py:2193} INFO - Starting attempt 1 of 1
[2026-01-15T16:08:06.652+0000] {taskinstance.py:2217} INFO - Executing <Task(_BranchPythonDecoratedOperator): branch_on_drift> on 2026-01-14 00:00:00+00:00
[2026-01-15T16:08:06.664+0000] {standard_task_runner.py:60} INFO - Started process 602 to run task
[2026-01-15T16:08:06.670+0000] {standard_task_runner.py:87} INFO - Running: ['airflow', 'tasks', 'run', 'ml_process_from_drift_to_ab', 'branch_on_drift', 'scheduled__2026-01-14T00:00:00+00:00', '--job-id', '5', '--raw', '--subdir', 'DAGS_FOLDER/ml_pipeline_dag.py', '--cfg-path', '/tmp/tmp81qgx1z_']
[2026-01-15T16:08:06.674+0000] {standard_task_runner.py:88} INFO - Job 5: Subtask branch_on_drift
[2026-01-15T16:08:06.900+0000] {task_command.py:423} INFO - Running <TaskInstance: ml_process_from_drift_to_ab.branch_on_drift scheduled__2026-01-14T00:00:00+00:00 [running]> on host 0a5dcabd7b10
[2026-01-15T16:08:06.974+0000] {taskinstance.py:2513} INFO - Exporting env vars: AIRFLOW_CTX_DAG_OWNER='airflow' AIRFLOW_CTX_DAG_ID='ml_process_from_drift_to_ab' AIRFLOW_CTX_TASK_ID='branch_on_drift' AIRFLOW_CTX_EXECUTION_DATE='2026-01-14T00:00:00+00:00' AIRFLOW_CTX_TRY_NUMBER='1' AIRFLOW_CTX_DAG_RUN_ID='scheduled__2026-01-14T00:00:00+00:00'
[2026-01-15T16:08:06.977+0000] {python.py:202} INFO - Done. Returned value was: retrain_and_register
[2026-01-15T16:08:06.978+0000] {branch.py:35} INFO - Branch into retrain_and_register
[2026-01-15T16:08:06.978+0000] {skipmixin.py:178} INFO - Following branch retrain_and_register
[2026-01-15T16:08:06.987+0000] {skipmixin.py:244} INFO - Skipping tasks [('no_retrain', -1)]
[2026-01-15T16:08:07.020+0000] {taskinstance.py:1149} INFO - Marking task as SUCCESS. dag_id=ml_process_from_drift_to_ab, task_id=branch_on_drift, execution_date=20260114T000000, start_date=20260115T160806, end_date=20260115T160807
[2026-01-15T16:08:07.045+0000] {local_task_job_runner.py:234} INFO - Task exited with return code 0
[2026-01-15T16:08:07.068+0000] {taskinstance.py:3312} INFO - 1 downstream tasks scheduled from follow-on schedule check
[2026-01-15T16:47:18.690+0000] {taskinstance.py:1979} INFO - Dependencies all met for dep_context=non-requeueable deps ti=<TaskInstance: ml_process_from_drift_to_ab.branch_on_drift scheduled__2026-01-14T00:00:00+00:00 [queued]>
[2026-01-15T16:47:18.697+0000] {taskinstance.py:1979} INFO - Dependencies all met for dep_context=requeueable deps ti=<TaskInstance: ml_process_from_drift_to_ab.branch_on_drift scheduled__2026-01-14T00:00:00+00:00 [queued]>
[2026-01-15T16:47:18.698+0000] {taskinstance.py:2193} INFO - Starting attempt 1 of 1
[2026-01-15T16:47:18.711+0000] {taskinstance.py:2217} INFO - Executing <Task(_BranchPythonDecoratedOperator): branch_on_drift> on 2026-01-14 00:00:00+00:00
[2026-01-15T16:47:18.723+0000] {standard_task_runner.py:60} INFO - Started process 142 to run task
[2026-01-15T16:47:18.731+0000] {standard_task_runner.py:87} INFO - Running: ['airflow', 'tasks', 'run', 'ml_process_from_drift_to_ab', 'branch_on_drift', 'scheduled__2026-01-14T00:00:00+00:00', '--job-id', '5', '--raw', '--subdir', 'DAGS_FOLDER/ml_pipeline_dag.py', '--cfg-path', '/tmp/tmppdbhy5ru']
[2026-01-15T16:47:18.737+0000] {standard_task_runner.py:88} INFO - Job 5: Subtask branch_on_drift
[2026-01-15T16:47:18.948+0000] {task_command.py:423} INFO - Running <TaskInstance: ml_process_from_drift_to_ab.branch_on_drift scheduled__2026-01-14T00:00:00+00:00 [running]> on host 9d2f2e43e259
[2026-01-15T16:47:19.073+0000] {taskinstance.py:2513} INFO - Exporting env vars: AIRFLOW_CTX_DAG_OWNER='airflow' AIRFLOW_CTX_DAG_ID='ml_process_from_drift_to_ab' AIRFLOW_CTX_TASK_ID='branch_on_drift' AIRFLOW_CTX_EXECUTION_DATE='2026-01-14T00:00:00+00:00' AIRFLOW_CTX_TRY_NUMBER='1' AIRFLOW_CTX_DAG_RUN_ID='scheduled__2026-01-14T00:00:00+00:00'
[2026-01-15T16:47:19.076+0000] {python.py:202} INFO - Done. Returned value was: retrain_and_register
[2026-01-15T16:47:19.076+0000] {branch.py:35} INFO - Branch into retrain_and_register
[2026-01-15T16:47:19.077+0000] {skipmixin.py:178} INFO - Following branch retrain_and_register
[2026-01-15T16:47:19.085+0000] {skipmixin.py:244} INFO - Skipping tasks [('no_retrain', -1)]
[2026-01-15T16:47:19.116+0000] {taskinstance.py:1149} INFO - Marking task as SUCCESS. dag_id=ml_process_from_drift_to_ab, task_id=branch_on_drift, execution_date=20260114T000000, start_date=20260115T164718, end_date=20260115T164719
[2026-01-15T16:47:19.145+0000] {local_task_job_runner.py:234} INFO - Task exited with return code 0
[2026-01-15T16:47:19.170+0000] {taskinstance.py:3312} INFO - 1 downstream tasks scheduled from follow-on schedule check
[2026-01-15T19:39:58.828+0000] {taskinstance.py:1979} INFO - Dependencies all met for dep_context=non-requeueable deps ti=<TaskInstance: ml_process_from_drift_to_ab.branch_on_drift scheduled__2026-01-14T00:00:00+00:00 [queued]>
[2026-01-15T19:39:58.867+0000] {taskinstance.py:1979} INFO - Dependencies all met for dep_context=requeueable deps ti=<TaskInstance: ml_process_from_drift_to_ab.branch_on_drift scheduled__2026-01-14T00:00:00+00:00 [queued]>
[2026-01-15T19:39:58.869+0000] {taskinstance.py:2193} INFO - Starting attempt 1 of 1
[2026-01-15T19:39:58.907+0000] {taskinstance.py:2217} INFO - Executing <Task(_BranchPythonDecoratedOperator): branch_on_drift> on 2026-01-14 00:00:00+00:00
[2026-01-15T19:39:59.001+0000] {standard_task_runner.py:60} INFO - Started process 117 to run task
[2026-01-15T19:39:59.330+0000] {standard_task_runner.py:87} INFO - Running: ['airflow', 'tasks', 'run', 'ml_process_from_drift_to_ab', 'branch_on_drift', 'scheduled__2026-01-14T00:00:00+00:00', '--job-id', '5', '--raw', '--subdir', 'DAGS_FOLDER/ml_pipeline_dag.py', '--cfg-path', '/tmp/tmp1qdcb1j0']
[2026-01-15T19:39:59.335+0000] {standard_task_runner.py:88} INFO - Job 5: Subtask branch_on_drift
[2026-01-15T19:40:01.494+0000] {task_command.py:423} INFO - Running <TaskInstance: ml_process_from_drift_to_ab.branch_on_drift scheduled__2026-01-14T00:00:00+00:00 [running]> on host 6c97fd2df566
[2026-01-15T19:40:01.907+0000] {taskinstance.py:2513} INFO - Exporting env vars: AIRFLOW_CTX_DAG_OWNER='airflow' AIRFLOW_CTX_DAG_ID='ml_process_from_drift_to_ab' AIRFLOW_CTX_TASK_ID='branch_on_drift' AIRFLOW_CTX_EXECUTION_DATE='2026-01-14T00:00:00+00:00' AIRFLOW_CTX_TRY_NUMBER='1' AIRFLOW_CTX_DAG_RUN_ID='scheduled__2026-01-14T00:00:00+00:00'
[2026-01-15T19:40:01.912+0000] {python.py:202} INFO - Done. Returned value was: retrain_and_register
[2026-01-15T19:40:01.913+0000] {branch.py:35} INFO - Branch into retrain_and_register
[2026-01-15T19:40:01.913+0000] {skipmixin.py:178} INFO - Following branch retrain_and_register
[2026-01-15T19:40:01.923+0000] {skipmixin.py:244} INFO - Skipping tasks [('no_retrain', -1)]
[2026-01-15T19:40:01.989+0000] {taskinstance.py:1149} INFO - Marking task as SUCCESS. dag_id=ml_process_from_drift_to_ab, task_id=branch_on_drift, execution_date=20260114T000000, start_date=20260115T193958, end_date=20260115T194001
[2026-01-15T19:40:02.018+0000] {local_task_job_runner.py:234} INFO - Task exited with return code 0
[2026-01-15T19:40:02.069+0000] {taskinstance.py:3312} INFO - 1 downstream tasks scheduled from follow-on schedule check
